<?xml version="1.0" encoding="UTF-8"?>
<!-- Generated by org.testng.reporters.JUnitXMLReporter -->
<testsuite hostname="s-PC" ignored="0" name="inetBankingTestProject2" tests="1" failures="0" timestamp="22 Jul 2020 11:52:08 GMT" time="0.054" errors="0">
  <testcase name="@BeforeClass setup" time="0.024" classname="com.inetBanking.pageObjects.BaseClass">
    <failure type="java.lang.IllegalStateException" message="The driver executable does not exist: F:\21July2020\inetBankingV1\21July2020inetBankingV1driversIEDriverServer.exe">
      <![CDATA[java.lang.IllegalStateException: The driver executable does not exist: F:\21July2020\inetBankingV1\21July2020inetBankingV1driversIEDriverServer.exe
at com.google.common.base.Preconditions.checkState(Preconditions.java:585)
at org.openqa.selenium.remote.service.DriverService.checkExecutable(DriverService.java:146)
at org.openqa.selenium.remote.service.DriverService.findExecutable(DriverService.java:141)
at org.openqa.selenium.ie.InternetExplorerDriverService.access$000(InternetExplorerDriverService.java:35)
at org.openqa.selenium.ie.InternetExplorerDriverService$Builder.findDefaultExecutable(InternetExplorerDriverService.java:175)
at org.openqa.selenium.remote.service.DriverService$Builder.build(DriverService.java:355)
at org.openqa.selenium.ie.InternetExplorerDriver.setupService(InternetExplorerDriver.java:281)
at org.openqa.selenium.ie.InternetExplorerDriver.<init>(InternetExplorerDriver.java:211)
at org.openqa.selenium.ie.InternetExplorerDriver.<init>(InternetExplorerDriver.java:150)
at com.inetBanking.pageObjects.BaseClass.setup(BaseClass.java:60)
... Removed 26 stack frames]]>
    </failure>
  </testcase> <!-- @BeforeClass setup -->
  <testcase name="@AfterClass teadDown" time="0.0" classname="com.inetBanking.pageObjects.BaseClass">
    <skipped/>
  </testcase> <!-- @AfterClass teadDown -->
  <testcase name="loginTest" time="0.0" classname="com.inetBanking.TestCases.LoginTC001">
    <skipped/>
  </testcase> <!-- loginTest -->
</testsuite> <!-- inetBankingTestProject2 -->
