<?xml version="1.0" encoding="UTF-8"?>
<testng-results skipped="0" failed="0" ignored="0" total="1" passed="1">
  <reporter-output>
  </reporter-output>
  <suite name="inetBankingSuite" duration-ms="126781" started-at="2020-07-23T03:43:59Z" finished-at="2020-07-23T03:46:06Z">
    <groups>
    </groups>
    <test name="inetBankingTestProject1" duration-ms="126781" started-at="2020-07-23T03:43:59Z" finished-at="2020-07-23T03:46:06Z">
      <class name="com.inetBanking.TestCases.AddcustomerDetailsTC">
        <test-method status="PASS" signature="setup(java.lang.String)[pri:0, instance:com.inetBanking.TestCases.AddcustomerDetailsTC@1defd3f]" name="setup" is-config="true" duration-ms="32536" started-at="2020-07-23T03:44:00Z" finished-at="2020-07-23T03:44:33Z">
          <params>
            <param index="0">
              <value>
                <![CDATA[chrome]]>
              </value>
            </param>
          </params>
          <reporter-output>
          </reporter-output>
        </test-method> <!-- setup -->
        <test-method status="PASS" signature="addNewCustomerDetails()[pri:0, instance:com.inetBanking.TestCases.AddcustomerDetailsTC@1defd3f]" name="addNewCustomerDetails" duration-ms="41066" started-at="2020-07-23T03:44:33Z" finished-at="2020-07-23T03:45:14Z">
          <reporter-output>
          </reporter-output>
        </test-method> <!-- addNewCustomerDetails -->
        <test-method status="PASS" signature="teadDown()[pri:0, instance:com.inetBanking.TestCases.AddcustomerDetailsTC@1defd3f]" name="teadDown" is-config="true" duration-ms="52551" started-at="2020-07-23T03:45:14Z" finished-at="2020-07-23T03:46:06Z">
          <reporter-output>
          </reporter-output>
        </test-method> <!-- teadDown -->
      </class> <!-- com.inetBanking.TestCases.AddcustomerDetailsTC -->
    </test> <!-- inetBankingTestProject1 -->
  </suite> <!-- inetBankingSuite -->
</testng-results>
